<?xml version="1.0" encoding="UTF-8"?>
<!-- Generated by org.testng.reporters.JUnitReportReporter -->
<testsuite hostname="LIN-5CD5329NW7" failures="0" tests="3" name="Com.Gmail.User.Runner.TestRunner1" time="275.401" errors="0" timestamp="2025-10-29T23:22:32 IST" skipped="0">
  <testcase classname="Com.Gmail.User.Runner.TestRunner1" name="runScenario" time="93.550"/>
  <testcase classname="Com.Gmail.User.Runner.TestRunner1" name="runScenario" time="90.628"/>
  <testcase classname="Com.Gmail.User.Runner.TestRunner1" name="runScenario" time="91.223"/>
</testsuite> <!-- Com.Gmail.User.Runner.TestRunner1 -->
